#
# There is insufficient memory for the Java Runtime Environment to continue.
# Native memory allocation (mmap) failed to map 134217728 bytes for G1 virtual space
# Possible reasons:
#   The system is out of physical RAM or swap space
#   The process is running with CompressedOops enabled, and the Java Heap may be blocking the growth of the native heap
# Possible solutions:
#   Reduce memory load on the system
#   Increase physical memory or swap space
#   Check if swap backing store is full
#   Decrease Java heap size (-Xmx/-Xms)
#   Decrease number of Java threads
#   Decrease Java thread stack sizes (-Xss)
#   Set larger code cache with -XX:ReservedCodeCacheSize=
#   JVM is running with Unscaled Compressed Oops mode in which the Java heap is
#     placed in the first 4GB address space. The Java Heap base address is the
#     maximum limit for the native heap growth. Please use -XX:HeapBaseMinAddress
#     to set the Java Heap base and to place the Java Heap above 4GB virtual address.
# This output file may be truncated or incomplete.
#
#  Out of Memory Error (os_windows.cpp:3613), pid=4976, tid=16568
#
# JRE version:  (17.0.10+7) (build )
# Java VM: OpenJDK 64-Bit Server VM (17.0.10+7, mixed mode, sharing, tiered, compressed oops, compressed class ptrs, g1 gc, windows-amd64)
# No core dump will be written. Minidumps are not enabled by default on client versions of Windows
#

---------------  S U M M A R Y ------------

Command Line: -ea -Dfile.encoding=UTF-8 -Dstdout.encoding=UTF-8 -Dstderr.encoding=UTF-8 -XX:+ShowCodeDetailsInExceptionMessages org.eclipse.jdt.internal.junit.runner.RemoteTestRunner -version 3 -port 53339 -testLoaderClass org.eclipse.jdt.internal.junit5.runner.JUnit5TestLoader -loaderpluginname org.eclipse.jdt.junit5.runtime -classNames fr.eseo.e3.poo.projet.blox.modele.pieces.tetrominos.ITetrominoTest

Host: Intel(R) Core(TM) i5-4210U CPU @ 1.70GHz, 4 cores, 7G,  Windows 11 , 64 bit Build 22621 (10.0.22621.3235)
Time: Tue Apr  2 15:38:01 2024 Paris, Madrid (heure duild 22621 (10.0.22621.3235) elapsed time: 0.375060 seconds (0d 0h 0m 0s)

---------------  T H R E A D  ---------------

Current thread (0x000002529b2e44b0):  JavaThread "Unknown thread" [_thread_in_vm, id=16568, stack(0x000000670a200000,0x000000670a300000)]

Stack: [0x000000670a200000,0x000000670a300000]
Native frames: (J=compiled Java code, j=interpreted, Vv=VM code, C=native code)
V  [jvm.dll+0x67d2c9]
V  [jvm.dll+0x834afa]
V  [jvm.dll+0x8365be]
V  [jvm.dll+0x836c23]
V  [jvm.dll+0x2477ff]
V  [jvm.dll+0x67a109]
V  [jvm.dll+0x66eb7a]
V  [jvm.dll+0x30764b]
V  [jvm.dll+0x30eaf6]
V  [jvm.dll+0x35e83e]
V  [jvm.dll+0x35ea6f]
V  [jvm.dll+0x2de248]
V  [jvm.dll+0x2df1b4]
V  [jvm.dll+0x806361]
V  [jvm.dll+0x36c6f1]
V  [jvm.dll+0x7e4e06]
V  [jvm.dll+0x3eff3f]
V  [jvm.dll+0x3f1b71]
C  [jli.dll+0x528f]
C  [ucrtbase.dll+0x29363]
C  [KERNEL32.DLL+0x1257d]
C  [ntdll.dll+0x5aa58]


---------------  P R O C E S S  ---------------

Threads class SMR info:
_java_thread_list=0x00007ffd693aee98, length=0, elements={
}

Java Threads: ( => current thread )

Other Threads:
  0x000002529b33dc80 GCTaskThread "GC Thread#0" [stack: 0x000000670a400000,0x000000670a500000] [id=14048]
  0x000002529b34e9d0 ConcurrentGCThread "G1 Main Marker" [stack: 0x000000670a500000,0x000000670a600000] [id=500]
  0x000002529b34f3f0 ConcurrentGCThread "G1 Conc#0" [stack: 0x000000670a600000,0x000000670a700000] [id=10812]

[error occurred during error reporting (printing all threads), id 0xc0000005, EXCEPTION_ACCESS_VIOLATION (0xc0000005) at pc=0x00007ffd68b6ec87]

VM state: not at safepoint (not fully initialized)

VM Mutex/Monitor currently owned by a thread:  ([mutex/lock_event])
[0x000002529b2e0080] Heap_lock - owner thread: 0x000002529b2e44b0

Heap address: 0x0000000081000000, size: 2032 MB, Compressed Oops mode: 32-bit

CDS archive(s) mapped at: [0x0000000000000000-0x0000000000000000-0x0000000000000000), size 0, SharedBaseAddress: 0x0000000800000000, ArchiveRelocationMode: 1.
Narrow klass base: 0x0000000000000000, Narrow klass shift: 0, Narrow klass range: 0x0

GC Precious Log:
<Empty>

Heap:
 garbage-first heap   total 0K, used 0K [0x0000000081000000, 0x0000000100000000)
  region size 1024K, 0 young (0K), 0 survivors (0K)

[error occurred during error reporting (printing heap information), id 0xc0000005, EXCEPTION_ACCESS_VIOLATION (0xc0000005) at pc=0x00007ffd68f56fb9]

GC Heap History (0 events):
No events

Dll operation events (1 events):
Event: 0.339 Loaded shared library C:\Users\DAS\.p2\pool\plugins\org.eclipse.justj.openjdk.hotspot.jre.full.win32.x86_64_17.0.10.v20240120-1143\jre\bin\java.dll

Deoptimization events (0 events):
No events

Classes unloaded (0 events):
No events

Classes redefined (0 events):
No events

Internal exceptions (0 events):
No events

VM Operations (0 events):
No events

Events (0 events):
No events


Dynamic libraries:
0x00007ff667880000 - 0x00007ff66788e000 	C:\Users\DAS\.p2\pool\plugins\org.eclipse.justj.openjdk.hotspot.jre.full.win32.x86_64_17.0.10.v20240120-1143\jre\bin\javaw.exe
0x00007ffdf51b0000 - 0x00007ffdf53c6000 	C:\Windows\SYSTEM32\ntdll.dll
0x00007ffdeaee0000 - 0x00007ffdeaef9000 	C:\Program Files\Avast Software\Avast\aswhook.dll
0x00007ffdf46d0000 - 0x00007ffdf4794000 	C:\Windows\System32\KERNEL32.DLL
0x00007ffdf28e0000 - 0x00007ffdf2c86000 	C:\Windows\System32\KERNELBASE.dll
0x00007ffdf2c90000 - 0x00007ffdf2da1000 	C:\Windows\System32\ucrtbase.dll
0x00007ffdbaf00000 - 0x00007ffdbaf17000 	C:\Users\DAS\.p2\pool\plugins\org.eclipse.justj.openjdk.hotspot.jre.full.win32.x86_64_17.0.10.v20240120-1143\jre\bin\jli.dll
0x00007ffdf3100000 - 0x00007ffdf32ad000 	C:\Windows\System32\USER32.dll
0x00007ffdf2ed0000 - 0x00007ffdf2ef6000 	C:\Windows\System32\win32u.dll
0x00007ffdf48c0000 - 0x00007ffdf48e9000 	C:\Windows\System32\GDI32.dll
0x00007ffdf2db0000 - 0x00007ffdf2ec8000 	C:\Windows\System32\gdi32full.dll
0x00007ffdf2660000 - 0x00007ffdf26fa000 	C:\Windows\System32\msvcp_win.dll
0x00007ffdbaee0000 - 0x00007ffdbaefb000 	C:\Users\DAS\.p2\pool\plugins\org.eclipse.justj.openjdk.hotspot.jre.full.win32.x86_64_17.0.10.v20240120-1143\jre\bin\VCRUNTIME140.dll
0x00007ffde3190000 - 0x00007ffde3423000 	C:\Windows\WinSxS\amd64_microsoft.windows.common-controls_6595b64144ccf1df_6.0.22621.3235_none_270f74e173860f98\COMCTL32.dll
0x00007ffdf4140000 - 0x00007ffdf41e7000 	C:\Windows\System32\msvcrt.dll
0x00007ffdf4100000 - 0x00007ffdf4131000 	C:\Windows\System32\IMM32.DLL
0x000000006a7d0000 - 0x000000006a7dc000 	C:\Program Files (x86)\360\Total Security\safemon\SafeWrapper.dll
0x00007ffdf49f0000 - 0x00007ffdf4aa2000 	C:\Windows\System32\ADVAPI32.dll
0x00007ffdf50c0000 - 0x00007ffdf5168000 	C:\Windows\System32\sechost.dll
0x00007ffdf28b0000 - 0x00007ffdf28d8000 	C:\Windows\System32\bcrypt.dll
0x00007ffdf2f00000 - 0x00007ffdf3015000 	C:\Windows\System32\RPCRT4.dll
0x00007ffdba3c0000 - 0x00007ffdba452000 	C:\Program Files (x86)\360\Total Security\safemon\libzdtp64.dll
0x00007ffdf33a0000 - 0x00007ffdf3bfd000 	C:\Windows\System32\SHELL32.dll
0x00007ffdf3340000 - 0x00007ffdf339e000 	C:\Windows\System32\SHLWAPI.dll
0x00007ffdf1f70000 - 0x00007ffdf1f7a000 	C:\Windows\SYSTEM32\VERSION.dll
0x00007ffdd1830000 - 0x00007ffdd183c000 	C:\Users\DAS\.p2\pool\plugins\org.eclipse.justj.openjdk.hotspot.jre.full.win32.x86_64_17.0.10.v20240120-1143\jre\bin\vcruntime140_1.dll
0x00007ffdb76c0000 - 0x00007ffdb774d000 	C:\Users\DAS\.p2\pool\plugins\org.eclipse.justj.openjdk.hotspot.jre.full.win32.x86_64_17.0.10.v20240120-1143\jre\bin\msvcp140.dll
0x00007ffd68880000 - 0x00007ffd694e2000 	C:\Users\DAS\.p2\pool\plugins\org.eclipse.justj.openjdk.hotspot.jre.full.win32.x86_64_17.0.10.v20240120-1143\jre\bin\server\jvm.dll
0x00007ffdf1310000 - 0x00007ffdf135d000 	C:\Windows\SYSTEM32\POWRPROF.dll
0x00007ffddf670000 - 0x00007ffddf679000 	C:\Windows\SYSTEM32\WSOCK32.dll
0x00007ffdf3c00000 - 0x00007ffdf3c71000 	C:\Windows\System32\WS2_32.dll
0x00007ffdea240000 - 0x00007ffdea274000 	C:\Windows\SYSTEM32\WINMM.dll
0x00007ffdf12f0000 - 0x00007ffdf1303000 	C:\Windows\SYSTEM32\UMPDC.dll
0x00007ffdf15b0000 - 0x00007ffdf15c8000 	C:\Windows\SYSTEM32\kernel.appcore.dll
0x00007ffddfbf0000 - 0x00007ffddfbfa000 	C:\Users\DAS\.p2\pool\plugins\org.eclipse.justj.openjdk.hotspot.jre.full.win32.x86_64_17.0.10.v20240120-1143\jre\bin\jimage.dll
0x00007ffde6e40000 - 0x00007ffde7073000 	C:\Windows\SYSTEM32\DBGHELP.DLL
0x00007ffdf4c70000 - 0x00007ffdf4ff8000 	C:\Windows\System32\combase.dll
0x00007ffdf3020000 - 0x00007ffdf30f7000 	C:\Windows\System32\OLEAUT32.dll
0x00007ffde6c10000 - 0x00007ffde6c42000 	C:\Windows\SYSTEM32\dbgcore.DLL
0x00007ffdf2830000 - 0x00007ffdf28aa000 	C:\Windows\System32\bcryptPrimitives.dll
0x00007ffdba600000 - 0x00007ffdba625000 	C:\Users\DAS\.p2\pool\plugins\org.eclipse.justj.openjdk.hotspot.jre.full.win32.x86_64_17.0.10.v20240120-1143\jre\bin\java.dll

dbghelp: loaded successfully - version: 4.0.5 - missing functions: none
symbol engine: initialized successfully - sym options: 0x614 - pdb path: .;C:\Users\DAS\.p2\pool\plugins\org.eclipse.justj.openjdk.hotspot.jre.full.win32.x86_64_17.0.10.v20240120-1143\jre\bin;C:\Windows\SYSTEM32;C:\Program Files\Avast Software\Avast;C:\Windows\WinSxS\amd64_microsoft.windows.common-controls_6595b64144ccf1df_6.0.22621.3235_none_270f74e173860f98;C:\Program Files (x86)\360\Total Security\safemon;C:\Users\DAS\.p2\pool\plugins\org.eclipse.justj.openjdk.hotspot.jre.full.win32.x86_64_17.0.10.v20240120-1143\jre\bin\server

VM Arguments:
jvm_args: -ea -Dfile.encoding=UTF-8 -Dstdout.encoding=UTF-8 -Dstderr.encoding=UTF-8 -XX:+ShowCodeDetailsInExceptionMessages 
java_command: org.eclipse.jdt.internal.junit.runner.RemoteTestRunner -version 3 -port 53339 -testLoaderClass org.eclipse.jdt.internal.junit5.runner.JUnit5TestLoader -loaderpluginname org.eclipse.jdt.junit5.runtime -classNames fr.eseo.e3.poo.projet.blox.modele.pieces.tetrominos.ITetrominoTest
java_class_path (initial): C:\Users\DAS\Documents\Semestre6\PDLO_Notpad++\FallingBlox\bin;C:\Users\DAS\.p2\pool\plugins\junit-jupiter-api_5.10.1.jar;C:\Users\DAS\.p2\pool\plugins\junit-jupiter-engine_5.10.1.jar;C:\Users\DAS\.p2\pool\plugins\junit-jupiter-migrationsupport_5.10.1.jar;C:\Users\DAS\.p2\pool\plugins\junit-jupiter-params_5.10.1.jar;C:\Users\DAS\.p2\pool\plugins\junit-platform-commons_1.10.1.jar;C:\Users\DAS\.p2\pool\plugins\junit-platform-engine_1.10.1.jar;C:\Users\DAS\.p2\pool\plugins\junit-platform-launcher_1.10.1.jar;C:\Users\DAS\.p2\pool\plugins\junit-platform-runner_1.10.1.jar;C:\Users\DAS\.p2\pool\plugins\junit-platform-suite-api_1.10.1.jar;C:\Users\DAS\.p2\pool\plugins\junit-platform-suite-engine_1.10.1.jar;C:\Users\DAS\.p2\pool\plugins\junit-platform-suite-commons_1.10.1.jar;C:\Users\DAS\.p2\pool\plugins\junit-vintage-engine_5.10.1.jar;C:\Users\DAS\.p2\pool\plugins\org.opentest4j_1.3.0.jar;C:\Users\DAS\.p2\pool\plugins\org.apiguardian.api_1.1.2.jar;C:\Users\DAS\.p2\pool\plugins\org.junit_4.13.2.v20230809-1000.jar;C:\Users\DAS\.p2\pool\plugins\org.hamcrest_2.2.0.jar;C:\Users\DAS\.p2\pool\plugins\org.hamcrest.core_2.2.0.v20230809-1000.jar;C:\me\AutreChose\Eseo\Bassit\javaproject (1)\javaproject1\bin;C:\Users\DAS\eclipse\java-2023-12\eclipse\configuration\org.eclipse.osgi\248\0\.cp;C:\Users\DAS\eclipse\java-2023-12\eclipse\configuration\org.eclipse.osgi\246\0\.cp
Launcher Type: SUN_STANDARD

[Global flags]
     intx CICompilerCount                          = 3                                         {product} {ergonomic}
     uint ConcGCThreads                            = 1                                         {product} {ergonomic}
     uint G1ConcRefinementThreads                  = 4                                         {product} {ergonomic}
   size_t G1HeapRegionSize                         = 1048576                                   {product} {ergonomic}
    uintx GCDrainStackTargetSize                   = 64                                        {product} {ergonomic}
   size_t InitialHeapSize                          = 134217728                                 {product} {ergonomic}
   size_t MarkStackSize                            = 4194304                                   {product} {ergonomic}
   size_t MaxHeapSize                              = 2130706432                                {product} {ergonomic}
   size_t MinHeapDeltaBytes                        = 1048576                                   {product} {ergonomic}
   size_t MinHeapSize                              = 8388608                                   {product} {ergonomic}
    uintx NonNMethodCodeHeapSize                   = 5832780                                {pd product} {ergonomic}
    uintx NonProfiledCodeHeapSize                  = 122912730                              {pd product} {ergonomic}
    uintx ProfiledCodeHeapSize                     = 122912730                              {pd product} {ergonomic}
    uintx ReservedCodeCacheSize                    = 251658240                              {pd product} {ergonomic}
     bool SegmentedCodeCache                       = true                                      {product} {ergonomic}
     bool ShowCodeDetailsInExceptionMessages       = true                                   {manageable} {command line}
   size_t SoftMaxHeapSize                          = 2130706432                             {manageable} {ergonomic}
     bool UseCompressedClassPointers               = true                           {product lp64_product} {ergonomic}
     bool UseCompressedOops                        = true                           {product lp64_product} {ergonomic}
     bool UseG1GC                                  = true                                      {product} {ergonomic}
     bool UseLargePagesIndividualAllocation        = false                                  {pd product} {ergonomic}

Logging:
Log output configuration:
 #0: stdout all=warning uptime,level,tags
 #1: stderr all=off uptime,level,tags

Environment Variables:
PATH=C:/Users/DAS/.p2/pool/plugins/org.eclipse.justj.openjdk.hotspot.jre.full.win32.x86_64_17.0.10.v20240120-1143/jre/bin/server;C:/Users/DAS/.p2/pool/plugins/org.eclipse.justj.openjdk.hotspot.jre.full.win32.x86_64_17.0.10.v20240120-1143/jre/bin;C:\Program Files\zulu11.66.19-ca-fx-jdk11.0.20.1-win_x64;C:\me\AutreChose\Eseo\OpenWebStart;C:\Program Files (x86)\zulu11.66.19-ca-fx-jdk11.0.20.1-win_i686\zulu11.66.19-ca-fx-jdk11.0.20.1-win_i686\bin;C:\Windows\system32;C:\Windows;C:\Windows\System32\Wbem;C:\Windows\System32\WindowsPowerShell\v1.0\;C:\Windows\System32\OpenSSH\;C:\Program Files (x86)\NVIDIA Corporation\PhysX\Common;C:\Program Files\zulu11.66.19-ca-fx-jdk11.0.20.1-win_x64;C:\Users\DAS\AppData\Local\Microsoft\WindowsApps;;C:\Users\DAS\Desktop;
USERNAME=DAS
OS=Windows_NT
PROCESSOR_IDENTIFIER=Intel64 Family 6 Model 69 Stepping 1, GenuineIntel
TMP=C:\Users\DAS\AppData\Local\Temp
TEMP=C:\Users\DAS\AppData\Local\Temp



Periodic native trim disabled


---------------  S Y S T E M  ---------------

OS:
 Windows 11 , 64 bit Build 22621 (10.0.22621.3235)
OS uptime: 0 days 7:00 hours

CPU: total 4 (initial active 4) (2 cores per cpu, 2 threads per core) family 6 model 69 stepping 1 microcode 0x26, cx8, cmov, fxsr, ht, mmx, sse, sse2, sse3, ssse3, sse4.1, sse4.2, popcnt, lzcnt, tsc, tscinvbit, avx, avx2, aes, erms, clmul, bmi1, bmi2, fma, vzeroupper, clflush
Processor Information for all 4 processors :
  Max Mhz: 2401, Current Mhz: 2400, Mhz Limit: 2376

Memory: 4k page, system-wide physical 8123M (1789M free)
TotalPageFile size 8278M (AvailPageFile size 120M)
current process WorkingSet (physical memory assigned to process): 12M, peak: 12M
current process commit charge ("private bytes"): 52M, peak: 180M

vm_info: OpenJDK 64-Bit Server VM (17.0.10+7) for windows-amd64 JRE (17.0.10+7), built on Jan 16 2024 23:25:11 by "admin" with MS VC++ 16.10 / 16.11 (VS2019)

END.
